<?xml version="1.0" encoding="UTF-8"?>
<coverage generated="1763044386186" clover="3.2.0">
  <project timestamp="1763044386186" name="All files">
    <metrics statements="33" coveredstatements="29" conditionals="8" coveredconditionals="6" methods="7" coveredmethods="5" elements="48" coveredelements="40" complexity="0" loc="33" ncloc="33" packages="2" files="2" classes="2"/>
    <package name="server">
      <metrics statements="15" coveredstatements="11" conditionals="2" coveredconditionals="0" methods="3" coveredmethods="1"/>
      <file name="app.js" path="C:\Users\user\Desktop\week5\testing-and-debugging-ensuring-mern-app-reliability-joyous47\server\app.js">
        <metrics statements="15" coveredstatements="11" conditionals="2" coveredconditionals="0" methods="3" coveredmethods="1"/>
        <line num="1" count="2" type="stmt"/>
        <line num="2" count="2" type="stmt"/>
        <line num="4" count="2" type="stmt"/>
        <line num="7" count="2" type="stmt"/>
        <line num="8" count="6" type="stmt"/>
        <line num="9" count="6" type="stmt"/>
        <line num="13" count="2" type="stmt"/>
        <line num="16" count="2" type="stmt"/>
        <line num="19" count="2" type="stmt"/>
        <line num="20" count="0" type="stmt"/>
        <line num="28" count="0" type="stmt"/>
        <line num="35" count="2" type="stmt"/>
        <line num="36" count="0" type="stmt"/>
        <line num="37" count="0" type="stmt"/>
        <line num="40" count="2" type="stmt"/>
      </file>
    </package>
    <package name="server.routes">
      <metrics statements="18" coveredstatements="18" conditionals="6" coveredconditionals="6" methods="4" coveredmethods="4"/>
      <file name="users.js" path="C:\Users\user\Desktop\week5\testing-and-debugging-ensuring-mern-app-reliability-joyous47\server\routes\users.js">
        <metrics statements="18" coveredstatements="18" conditionals="6" coveredconditionals="6" methods="4" coveredmethods="4"/>
        <line num="1" count="2" type="stmt"/>
        <line num="2" count="2" type="stmt"/>
        <line num="5" count="2" type="stmt"/>
        <line num="11" count="2" type="stmt"/>
        <line num="12" count="2" type="stmt"/>
        <line num="16" count="2" type="stmt"/>
        <line num="17" count="3" type="stmt"/>
        <line num="18" count="2" type="cond" truecount="2" falsecount="0"/>
        <line num="19" count="1" type="stmt"/>
        <line num="21" count="1" type="stmt"/>
        <line num="25" count="2" type="stmt"/>
        <line num="26" count="2" type="stmt"/>
        <line num="28" count="2" type="cond" truecount="4" falsecount="0"/>
        <line num="29" count="1" type="stmt"/>
        <line num="32" count="1" type="stmt"/>
        <line num="38" count="1" type="stmt"/>
        <line num="39" count="1" type="stmt"/>
        <line num="42" count="2" type="stmt"/>
      </file>
    </package>
  </project>
</coverage>
