<?xml version="1.0" encoding="UTF-8"?>
<coverage generated="1763044360020" clover="3.2.0">
  <project timestamp="1763044360020" name="All files">
    <metrics statements="11" coveredstatements="11" conditionals="4" coveredconditionals="4" methods="6" coveredmethods="6" elements="21" coveredelements="21" complexity="0" loc="11" ncloc="11" packages="2" files="2" classes="2"/>
    <package name="components">
      <metrics statements="2" coveredstatements="2" conditionals="2" coveredconditionals="2" methods="1" coveredmethods="1"/>
      <file name="Button.js" path="C:\Users\user\Desktop\week5\testing-and-debugging-ensuring-mern-app-reliability-joyous47\client\src\components\Button.js">
        <metrics statements="2" coveredstatements="2" conditionals="2" coveredconditionals="2" methods="1" coveredmethods="1"/>
        <line num="3" count="1" type="cond" truecount="2" falsecount="0"/>
        <line num="4" count="3" type="stmt"/>
      </file>
    </package>
    <package name="utils">
      <metrics statements="9" coveredstatements="9" conditionals="2" coveredconditionals="2" methods="5" coveredmethods="5"/>
      <file name="helpers.js" path="C:\Users\user\Desktop\week5\testing-and-debugging-ensuring-mern-app-reliability-joyous47\client\src\utils\helpers.js">
        <metrics statements="9" coveredstatements="9" conditionals="2" coveredconditionals="2" methods="5" coveredmethods="5"/>
        <line num="3" count="1" type="stmt"/>
        <line num="4" count="2" type="stmt"/>
        <line num="10" count="1" type="stmt"/>
        <line num="11" count="2" type="cond" truecount="2" falsecount="0"/>
        <line num="12" count="1" type="stmt"/>
        <line num="15" count="1" type="stmt"/>
        <line num="17" count="1" type="stmt"/>
        <line num="18" count="1" type="stmt"/>
        <line num="19" count="1" type="stmt"/>
      </file>
    </package>
  </project>
</coverage>
